c:\users\corvork\documents\silkmemoryhack\nativeinjector\debug\vc141.pdb
c:\users\corvork\documents\silkmemoryhack\nativeinjector\debug\vc141.idb
c:\users\corvork\documents\silkmemoryhack\nativeinjector\debug\trampoline.obj
c:\users\corvork\documents\silkmemoryhack\nativeinjector\debug\hook.obj
c:\users\corvork\documents\silkmemoryhack\nativeinjector\debug\hde64.obj
c:\users\corvork\documents\silkmemoryhack\nativeinjector\debug\hde32.obj
c:\users\corvork\documents\silkmemoryhack\nativeinjector\debug\buffer.obj
c:\users\corvork\documents\silkmemoryhack\nativeinjector\debug\nativeinjector.obj
c:\users\corvork\documents\silkmemoryhack\debug\nativeinjector.ilk
c:\users\corvork\documents\silkmemoryhack\debug\nativeinjector.exe
c:\users\corvork\documents\silkmemoryhack\debug\nativeinjector.pdb
c:\users\corvork\documents\screens\silkmemoryhack\nativeinjector\debug\buffer.obj
c:\users\corvork\documents\screens\silkmemoryhack\nativeinjector\debug\hde32.obj
c:\users\corvork\documents\screens\silkmemoryhack\nativeinjector\debug\hde64.obj
c:\users\corvork\documents\screens\silkmemoryhack\nativeinjector\debug\hook.obj
c:\users\corvork\documents\screens\silkmemoryhack\nativeinjector\debug\nativeinjector.obj
c:\users\corvork\documents\screens\silkmemoryhack\nativeinjector\debug\trampoline.obj
c:\users\corvork\documents\screens\silkmemoryhack\nativeinjector\debug\vc141.idb
c:\users\corvork\documents\screens\silkmemoryhack\nativeinjector\debug\vc141.pdb
c:\users\corvork\documents\screens\silkmemoryhack\nativeinjector\debug\nativeinjector.tlog\cl.command.1.tlog
c:\users\corvork\documents\screens\silkmemoryhack\nativeinjector\debug\nativeinjector.tlog\cl.read.1.tlog
c:\users\corvork\documents\screens\silkmemoryhack\nativeinjector\debug\nativeinjector.tlog\cl.write.1.tlog
c:\users\corvork\documents\screens\silkmemoryhack\nativeinjector\debug\nativeinjector.tlog\link.command.1.tlog
c:\users\corvork\documents\screens\silkmemoryhack\nativeinjector\debug\nativeinjector.tlog\link.read.1.tlog
c:\users\corvork\documents\screens\silkmemoryhack\nativeinjector\debug\nativeinjector.tlog\link.write.1.tlog
