c:\users\corvork\documents\silkmemoryhack\silkway\x64\debug\silkway.pdb
c:\users\corvork\documents\silkmemoryhack\silkway\x64\debug\silkway.idb
c:\users\corvork\documents\silkmemoryhack\silkway\x64\debug\memoryscan.obj
c:\users\corvork\documents\silkmemoryhack\silkway\x64\debug\memorylogger.obj
c:\users\corvork\documents\silkmemoryhack\silkway\x64\debug\opcodehook.obj
c:\users\corvork\documents\silkmemoryhack\silkway\x64\debug\hook.obj
c:\users\corvork\documents\silkmemoryhack\silkway\x64\debug\hardwarebphook.obj
c:\users\corvork\documents\silkmemoryhack\silkway\x64\debug\deferredcommand.obj
c:\users\corvork\documents\silkmemoryhack\silkway\x64\debug\vector.obj
c:\users\corvork\documents\silkmemoryhack\silkway\x64\debug\rbtree.obj
c:\users\corvork\documents\silkmemoryhack\silkway\x64\debug\queue.obj
c:\users\corvork\documents\silkmemoryhack\silkway\x64\debug\hde64.obj
c:\users\corvork\documents\silkmemoryhack\x64\debug\silkway.lib
c:\users\corvork\documents\silkmemoryhack\x64\debug\silkway.pdb
c:\users\corvork\documents\silkmemoryhack\silkway\x64\debug\silkway.tlog\cl.command.1.tlog
c:\users\corvork\documents\silkmemoryhack\silkway\x64\debug\silkway.tlog\cl.read.1.tlog
c:\users\corvork\documents\silkmemoryhack\silkway\x64\debug\silkway.tlog\cl.write.1.tlog
c:\users\corvork\documents\silkmemoryhack\silkway\x64\debug\silkway.tlog\lib-link.read.1.tlog
c:\users\corvork\documents\silkmemoryhack\silkway\x64\debug\silkway.tlog\lib-link.write.1.tlog
c:\users\corvork\documents\silkmemoryhack\silkway\x64\debug\silkway.tlog\lib.command.1.tlog
