c:\users\corvork\documents\screens\silkmemoryhack\dx9dll\x64\release\vc141.pdb
c:\users\corvork\documents\screens\silkmemoryhack\dx9dll\x64\release\view.obj
c:\users\corvork\documents\screens\silkmemoryhack\dx9dll\x64\release\uistate.obj
c:\users\corvork\documents\screens\silkmemoryhack\dx9dll\x64\release\schema.obj
c:\users\corvork\documents\screens\silkmemoryhack\dx9dll\x64\release\model.obj
c:\users\corvork\documents\screens\silkmemoryhack\dx9dll\x64\release\factory.obj
c:\users\corvork\documents\screens\silkmemoryhack\dx9dll\x64\release\event.obj
c:\users\corvork\documents\screens\silkmemoryhack\dx9dll\x64\release\core.obj
c:\users\corvork\documents\screens\silkmemoryhack\dx9dll\x64\release\controller.obj
c:\users\corvork\documents\screens\silkmemoryhack\dx9dll\x64\release\command.obj
c:\users\corvork\documents\screens\silkmemoryhack\dx9dll\x64\release\chrono.obj
c:\users\corvork\documents\screens\silkmemoryhack\dx9dll\x64\release\entry.obj
c:\users\corvork\documents\screens\silkmemoryhack\x64\release\dx9dll.lib
c:\users\corvork\documents\screens\silkmemoryhack\x64\release\dx9dll.exp
c:\users\corvork\documents\screens\silkmemoryhack\x64\release\dx9dll.ipdb
c:\users\corvork\documents\screens\silkmemoryhack\x64\release\dx9dll.iobj
c:\users\corvork\documents\screens\silkmemoryhack\x64\release\dx9dll.dll
c:\users\corvork\documents\screens\silkmemoryhack\x64\release\dx9dll.pdb
c:\users\corvork\documents\screens\silkmemoryhack\dx9dll\x64\release\dx9dll.tlog\cl.command.1.tlog
c:\users\corvork\documents\screens\silkmemoryhack\dx9dll\x64\release\dx9dll.tlog\cl.read.1.tlog
c:\users\corvork\documents\screens\silkmemoryhack\dx9dll\x64\release\dx9dll.tlog\cl.write.1.tlog
c:\users\corvork\documents\screens\silkmemoryhack\dx9dll\x64\release\dx9dll.tlog\dx9dll.write.1u.tlog
c:\users\corvork\documents\screens\silkmemoryhack\dx9dll\x64\release\dx9dll.tlog\link.command.1.tlog
c:\users\corvork\documents\screens\silkmemoryhack\dx9dll\x64\release\dx9dll.tlog\link.read.1.tlog
c:\users\corvork\documents\screens\silkmemoryhack\dx9dll\x64\release\dx9dll.tlog\link.write.1.tlog
